MAF 0.37
-79.2944807818 4.2207933394 -0.000710389612723 11.7946815977 1.32022832025 0.712213368389
-23.7595525081 3.82020540549 0.0566354650161 4.56738976992 1.38941634131 0.627154086326
-47.8565066665 4.06332358913 -1.10578716083 14.0654031722 1.35903624719 0.519743163773
-31.547605651 4.15228058459 -1.22704606024 10.6834514337 1.27186475791 0.635094910411
-35.1300824469 4.45293288505 -0.289742669858 9.37090583684 1.33330213994 0.635351606792
-24.5731815151 4.34066774462 -0.874971256142 8.54077443317 1.21171701887 0.485166813747
-54.8102602863 4.00946615672 -0.428304194551 11.8076007211 1.2976744119 0.638069780321
-33.3522260876 4.36263613578 -0.0745172326129 8.76042147009 1.34979061806 0.589138415765
-180.533174899 3.16007649911 0.546516683792 8.39470701923 1.26265425358 0.861631327754
-153.379563719 3.14139178844 0.407505957499 9.17093531821 1.26966639035 0.456144231546
-79.2944807818 4.2207933394 -0.000710389612723 11.7946815977 1.32022832025 0.712213368389
-23.7595525081 3.82020540549 0.0566354650161 4.56738976992 1.38941634131 0.627154086326
-41.3523367524 4.12433249172 -0.895583321068 12.9840882874 1.35715170979 0.533888004062
-31.2323390723 4.15348234263 -1.16705356144 10.6663370096 1.27496867406 0.633878987044
-29.6548669819 4.14149908993 -0.119252434213 7.00657476707 1.36092202253 0.631316718168
-24.5731815151 4.34066774462 -0.874971256142 8.54077443317 1.21171701887 0.485166813747
-44.0359547363 4.17153298878 -0.265954234058 10.4092749368 1.32159011519 0.615615574946
-28.556936335 4.3830011061 -0.0851139932896 8.32477990765 1.35403500222 0.571468024169
-180.533174899 3.16007649911 0.546516683792 8.39470701923 1.26265425358 0.861631327754
-37.7737513174 3.68927550639 -0.178387873168 8.88304920924 1.24319248588 0.46940306506
-79.2944807818 4.2207933394 -0.000710389612723 11.7946815977 1.32022832025 0.712213368389
-23.7595525081 3.82020540549 0.0566354650161 4.56738976992 1.38941634131 0.627154086326
-41.3523367524 4.12433249172 -0.895583321068 12.9840882874 1.35715170979 0.533888004062
-27.0693766113 3.9958330944 -0.831292882501 10.0607147758 1.26417716522 0.578021331732
-27.0551723567 4.14535760145 -0.456636015727 8.1849889344 1.33324573187 0.63214174825
-24.5731815151 4.34066774462 -0.874971256142 8.54077443317 1.21171701887 0.485166813747
-44.0359547363 4.17153298878 -0.265954234058 10.4092749368 1.32159011519 0.615615574946
-28.556936335 4.3830011061 -0.0851139932896 8.32477990765 1.35403500222 0.571468024169
-120.559116666 3.32398072291 0.263790945059 8.76950826764 1.264686037 0.824053966129
-37.7737513174 3.68927550639 -0.178387873168 8.88304920924 1.24319248588 0.46940306506
-58.5866565629 4.28038422536 -0.0317180634333 10.5199305787 1.33264800995 0.660507214443
-23.9475710999 3.81930733606 0.0488262151419 4.67797898631 1.38604447991 0.623886948046
-41.3523367524 4.12433249172 -0.895583321068 12.9840882874 1.35715170979 0.533888004062
-20.3537616351 3.91344483141 -0.790072630332 8.18637395599 1.20456590329 0.606317715084
-27.0551723567 4.14535760145 -0.456636015727 8.1849889344 1.33324573187 0.63214174825
-24.5731815151 4.34066774462 -0.874971256142 8.54077443317 1.21171701887 0.485166813747
-44.0359547363 4.17153298878 -0.265954234058 10.4092749368 1.32159011519 0.615615574946
-28.556936335 4.3830011061 -0.0851139932896 8.32477990765 1.35403500222 0.571468024169
-120.559116666 3.32398072291 0.263790945059 8.76950826764 1.264686037 0.824053966129
-31.806780556 3.78636569847 -0.237620993479 8.73444700164 1.26236290946 0.504046674581
-58.5866565629 4.28038422536 -0.0317180634333 10.5199305787 1.33264800995 0.660507214443
-23.9475710999 3.81930733606 0.0488262151419 4.67797898631 1.38604447991 0.623886948046
-41.3523367524 4.12433249172 -0.895583321068 12.9840882874 1.35715170979 0.533888004062
-20.3537616351 3.91344483141 -0.790072630332 8.18637395599 1.20456590329 0.606317715084
-27.0551723567 4.14535760145 -0.456636015727 8.1849889344 1.33324573187 0.63214174825
-23.818506341 4.34240713482 -0.842517656093 8.53189966519 1.21756457023 0.488712751853
-44.0359547363 4.17153298878 -0.265954234058 10.4092749368 1.32159011519 0.615615574946
-28.0793211109 4.3526753365 -0.130642962571 8.31584111325 1.34438170675 0.573718752686
-120.559116666 3.32398072291 0.263790945059 8.76950826764 1.264686037 0.824053966129
-31.806780556 3.78636569847 -0.237620993479 8.73444700164 1.26236290946 0.504046674581
-58.5866565629 4.28038422536 -0.0317180634333 10.5199305787 1.33264800995 0.660507214443
-23.9475710999 3.81930733606 0.0488262151419 4.67797898631 1.38604447991 0.623886948046
-41.3523367524 4.12433249172 -0.895583321068 12.9840882874 1.35715170979 0.533888004062
-20.3537616351 3.91344483141 -0.790072630332 8.18637395599 1.20456590329 0.606317715084
-27.0551723567 4.14535760145 -0.456636015727 8.1849889344 1.33324573187 0.63214174825
-23.818506341 4.34240713482 -0.842517656093 8.53189966519 1.21756457023 0.488712751853
-44.0359547363 4.17153298878 -0.265954234058 10.4092749368 1.32159011519 0.615615574946
-25.7979339374 4.36021643396 -0.140962382126 8.08591998994 1.34560571548 0.564665354024
-120.559116666 3.32398072291 0.263790945059 8.76950826764 1.264686037 0.824053966129
-32.8562183104 3.78240981665 -0.27201974806 9.22157846434 1.2475102879 0.489655345109
-58.5866565629 4.28038422536 -0.0317180634333 10.5199305787 1.33264800995 0.660507214443
-23.9475710999 3.81930733606 0.0488262151419 4.67797898631 1.38604447991 0.623886948046
-41.832921522 4.1207433164 -0.943460977422 13.1798797959 1.35985585076 0.527673353828
-20.3537616351 3.91344483141 -0.790072630332 8.18637395599 1.20456590329 0.606317715084
-22.6417525637 4.14287836614 -0.412899815262 6.55023884057 1.33120482915 0.657823482805
-23.818506341 4.34240713482 -0.842517656093 8.53189966519 1.21756457023 0.488712751853
-41.2918759392 4.15047320349 -0.546880372829 11.5580979305 1.33745688766 0.579150596766
-26.21012517 4.32150699458 -0.19783483759 8.10376846866 1.34337891368 0.576822049474
-120.559116666 3.32398072291 0.263790945059 8.76950826764 1.264686037 0.824053966129
-32.8562183104 3.78240981665 -0.27201974806 9.22157846434 1.2475102879 0.489655345109
-47.0315276261 4.14038483293 -0.147272697569 10.0412283357 1.30331685933 0.618395006057
-23.9475710999 3.81930733606 0.0488262151419 4.67797898631 1.38604447991 0.623886948046
-41.832921522 4.1207433164 -0.943460977422 13.1798797959 1.35985585076 0.527673353828
-20.3537616351 3.91344483141 -0.790072630332 8.18637395599 1.20456590329 0.606317715084
-18.8651896186 4.45995981845 -0.674918018423 5.69092610615 1.35696125352 0.593458169866
-23.818506341 4.34240713482 -0.842517656093 8.53189966519 1.21756457023 0.488712751853
-33.4105165861 4.20178619717 -0.568109061183 10.5853187013 1.34069071863 0.581522797606
-15.7863324009 4.48786298948 0.141664257359 4.743915362 1.34913897152 0.574557188251
-35.7818515602 3.84592201564 -0.167511859564 7.35501115281 1.30708316032 0.718103541097
-26.7329083356 3.81813391964 -0.413256611786 8.93935044655 1.2358023515 0.521461031003
-45.7193078468 4.15167042954 -0.13788843598 9.86917914013 1.3048050964 0.616971216048
-23.4382695573 3.84928440726 0.00536893679647 5.00053899959 1.38323113978 0.621207470343
-41.832921522 4.1207433164 -0.943460977422 13.1798797959 1.35985585076 0.527673353828
-20.3537616351 3.91344483141 -0.790072630332 8.18637395599 1.20456590329 0.606317715084
-18.7788460483 4.46704618585 -0.664814696476 5.519665172 1.36536443141 0.599772483521
-23.818506341 4.34240713482 -0.842517656093 8.53189966519 1.21756457023 0.488712751853
-27.4427586608 4.26207903313 -0.593052798295 9.44230181053 1.34449047434 0.584310136755
-15.7863324009 4.48786298948 0.141664257359 4.743915362 1.34913897152 0.574557188251
-35.7818515602 3.84592201564 -0.167511859564 7.35501115281 1.30708316032 0.718103541097
-26.7329083356 3.81813391964 -0.413256611786 8.93935044655 1.2358023515 0.521461031003
-45.9289189069 4.19169520323 -0.134010506378 10.1983026945 1.30450688065 0.603732231841
-23.4382695573 3.84928440726 0.00536893679647 5.00053899959 1.38323113978 0.621207470343
-38.0052777563 4.15467388808 -0.916159362439 12.4293360254 1.36039557857 0.534737588357
-20.3537616351 3.91344483141 -0.790072630332 8.18637395599 1.20456590329 0.606317715084
-18.7788460483 4.46704618585 -0.664814696476 5.519665172 1.36536443141 0.599772483521
-23.818506341 4.34240713482 -0.842517656093 8.53189966519 1.21756457023 0.488712751853
-27.4427586608 4.26207903313 -0.593052798295 9.44230181053 1.34449047434 0.584310136755
-16.3266286566 4.45538599701 0.134732515168 4.75696679245 1.35087283971 0.576929740201
-35.7818515602 3.84592201564 -0.167511859564 7.35501115281 1.30708316032 0.718103541097
-25.7543345018 3.79383237651 -0.43142260375 8.85745094652 1.23133286777 0.516108985104
