MAF 0.3
-2342.65462006 3.54888554983 -1.43733081816 6.99901666535 1.35472481747 0.88777764768
-1815.70932736 3.2045930736 -0.674663316123 14.1470307228 1.21341233949 0.362646216232
-1722.98909198 4.04255291108 0.465869384932 11.5022704732 1.20816781287 0.498718166404
-1779.1411744 3.02066397381 -0.70867050381 8.69321262243 1.29906586887 0.586240209399
-2079.54989979 3.67222232309 -0.888480158232 8.95943551128 1.26582700816 0.571914270028
-1754.43083004 3.59961465409 -0.0457322822265 10.4837505995 1.39775707657 0.588952391256
-1948.50311811 3.5620764024 -0.741423525511 11.3514016853 1.37384954038 0.787236662366
-2170.5405504 3.22122305547 -1.43128076765 7.51452586531 1.31167652314 0.89620543145
-1614.18914546 3.2173449823 0.0705591191184 5.71620079871 1.35098797708 0.539970885152
-2074.7170304 3.25597135088 -1.3320826705 8.43740093355 1.20090537712 0.916146054549
-2342.65462006 3.54888554983 -1.43733081816 6.99901666535 1.35472481747 0.88777764768
-1815.70932736 3.2045930736 -0.674663316123 14.1470307228 1.21341233949 0.362646216232
-1722.98909198 4.04255291108 0.465869384932 11.5022704732 1.20816781287 0.498718166404
-1779.1411744 3.02066397381 -0.70867050381 8.69321262243 1.29906586887 0.586240209399
-2077.94359736 3.67320866149 -0.884090936228 8.9751132068 1.26511608213 0.569388274182
-1754.43083004 3.59961465409 -0.0457322822265 10.4837505995 1.39775707657 0.588952391256
-1932.79530455 3.50291692501 -0.730375460385 11.8140469041 1.34729898489 0.716971710476
-2113.42394872 3.41766554118 -1.19346051583 8.14932795667 1.2914403726 0.754163795846
-1614.18914546 3.2173449823 0.0705591191184 5.71620079871 1.35098797708 0.539970885152
-2074.7170304 3.25597135088 -1.3320826705 8.43740093355 1.20090537712 0.916146054549
-2118.10386471 3.38196145504 -1.20706577618 7.53440207814 1.3371359494 0.792488348239
-1815.70932736 3.2045930736 -0.674663316123 14.1470307228 1.21341233949 0.362646216232
-1722.98909198 4.04255291108 0.465869384932 11.5022704732 1.20816781287 0.498718166404
-1779.1411744 3.02066397381 -0.70867050381 8.69321262243 1.29906586887 0.586240209399
-2077.94359736 3.67320866149 -0.884090936228 8.9751132068 1.26511608213 0.569388274182
-1754.43083004 3.59961465409 -0.0457322822265 10.4837505995 1.39775707657 0.588952391256
-1932.79530455 3.50291692501 -0.730375460385 11.8140469041 1.34729898489 0.716971710476
-2113.42394872 3.41766554118 -1.19346051583 8.14932795667 1.2914403726 0.754163795846
-1614.18914546 3.2173449823 0.0705591191184 5.71620079871 1.35098797708 0.539970885152
-2074.7170304 3.25597135088 -1.3320826705 8.43740093355 1.20090537712 0.916146054549
-2118.10386471 3.38196145504 -1.20706577618 7.53440207814 1.3371359494 0.792488348239
-1815.70932736 3.2045930736 -0.674663316123 14.1470307228 1.21341233949 0.362646216232
-1722.98909198 4.04255291108 0.465869384932 11.5022704732 1.20816781287 0.498718166404
-1779.1411744 3.02066397381 -0.70867050381 8.69321262243 1.29906586887 0.586240209399
-1830.16517846 3.50529538581 -0.53245419649 7.77472220713 1.29674622032 0.558552644192
-1754.43083004 3.59961465409 -0.0457322822265 10.4837505995 1.39775707657 0.588952391256
-1929.1522608 3.48224790607 -0.711718371397 12.158620138 1.35727386687 0.734884528226
-2113.42394872 3.41766554118 -1.19346051583 8.14932795667 1.2914403726 0.754163795846
-1614.18914546 3.2173449823 0.0705591191184 5.71620079871 1.35098797708 0.539970885152
-2074.7170304 3.25597135088 -1.3320826705 8.43740093355 1.20090537712 0.916146054549
-2118.10386471 3.38196145504 -1.20706577618 7.53440207814 1.3371359494 0.792488348239
-1812.52993816 3.20278319766 -0.651504745278 14.348160892 1.21385291577 0.343148364316
-1722.98909198 4.04255291108 0.465869384932 11.5022704732 1.20816781287 0.498718166404
-1779.1411744 3.02066397381 -0.70867050381 8.69321262243 1.29906586887 0.586240209399
-1827.91555262 3.49643530968 -0.535940987991 7.96724723426 1.29431841405 0.552243813028
-1754.43083004 3.59961465409 -0.0457322822265 10.4837505995 1.39775707657 0.588952391256
-1921.24321822 3.55059774359 -0.568068161072 12.0785541159 1.33908489038 0.706075339811
-2098.3845824 3.35732386799 -1.24519207612 8.25683216195 1.25765416729 0.814612971537
-1614.18914546 3.2173449823 0.0705591191184 5.71620079871 1.35098797708 0.539970885152
-2074.7170304 3.25597135088 -1.3320826705 8.43740093355 1.20090537712 0.916146054549
-2118.10386471 3.38196145504 -1.20706577618 7.53440207814 1.3371359494 0.792488348239
-1812.52993816 3.20278319766 -0.651504745278 14.348160892 1.21385291577 0.343148364316
-1722.98909198 4.04255291108 0.465869384932 11.5022704732 1.20816781287 0.498718166404
-1779.1411744 3.02066397381 -0.70867050381 8.69321262243 1.29906586887 0.586240209399
-1779.3786694 3.5257559855 -0.396637422627 8.68236691064 1.32371278081 0.5626753614
-1647.60883987 3.48449676822 -0.0038065322957 8.9998985568 1.38106840447 0.572631558327
-1921.24321822 3.55059774359 -0.568068161072 12.0785541159 1.33908489038 0.706075339811
-2098.3845824 3.35732386799 -1.24519207612 8.25683216195 1.25765416729 0.814612971537
-1601.52880448 3.24453837637 0.0835859302601 5.90687137679 1.34628156931 0.538611468454
-1953.92763382 3.37263911658 -0.927551451897 8.54333592596 1.25401316593 0.763288438815
-1997.95859557 3.49663596049 -0.916654796007 8.22319897631 1.31474789528 0.741491699693
-1755.23212942 3.37854832072 -0.429380991783 11.8394796355 1.27722347696 0.400635532653
-1722.98909198 4.04255291108 0.465869384932 11.5022704732 1.20816781287 0.498718166404
-1779.1411744 3.02066397381 -0.70867050381 8.69321262243 1.29906586887 0.586240209399
-1689.88656095 3.59531892752 -0.155436423073 8.7455304562 1.3553782028 0.471534287463
-1647.60883987 3.48449676822 -0.0038065322957 8.9998985568 1.38106840447 0.572631558327
-1921.24321822 3.55059774359 -0.568068161072 12.0785541159 1.33908489038 0.706075339811
-2098.3845824 3.35732386799 -1.24519207612 8.25683216195 1.25765416729 0.814612971537
-1601.52880448 3.24453837637 0.0835859302601 5.90687137679 1.34628156931 0.538611468454
-1953.92763382 3.37263911658 -0.927551451897 8.54333592596 1.25401316593 0.763288438815
-1997.95859557 3.49663596049 -0.916654796007 8.22319897631 1.31474789528 0.741491699693
-1755.23212942 3.37854832072 -0.429380991783 11.8394796355 1.27722347696 0.400635532653
-1650.08621123 3.88803874414 0.391850420407 10.4188711208 1.23490984712 0.50644243716
-1779.1411744 3.02066397381 -0.70867050381 8.69321262243 1.29906586887 0.586240209399
-1689.88656095 3.59531892752 -0.155436423073 8.7455304562 1.3553782028 0.471534287463
-1647.60883987 3.48449676822 -0.0038065322957 8.9998985568 1.38106840447 0.572631558327
-1921.24321822 3.55059774359 -0.568068161072 12.0785541159 1.33908489038 0.706075339811
-2098.3845824 3.35732386799 -1.24519207612 8.25683216195 1.25765416729 0.814612971537
-1601.52880448 3.24453837637 0.0835859302601 5.90687137679 1.34628156931 0.538611468454
-1883.46258422 3.39645123506 -0.730905776362 8.64052841391 1.2810605279 0.722701637996
-1907.9626653 3.45617233304 -0.749686722819 9.46234503453 1.30188986809 0.624694742927
-1700.87001479 3.57077408842 -0.119538389416 11.3034978981 1.26125895711 0.440555445791
-1650.08621123 3.88803874414 0.391850420407 10.4188711208 1.23490984712 0.50644243716
-1779.1411744 3.02066397381 -0.70867050381 8.69321262243 1.29906586887 0.586240209399
-1689.88656095 3.59531892752 -0.155436423073 8.7455304562 1.3553782028 0.471534287463
-1643.92301247 3.55155203057 0.0980940644282 9.04423545155 1.39292332634 0.570664186294
-1921.24321822 3.55059774359 -0.568068161072 12.0785541159 1.33908489038 0.706075339811
-2065.31429028 3.36834639183 -1.1689600647 8.30151760518 1.26533074473 0.800768783004
-1601.52880448 3.24453837637 0.0835859302601 5.90687137679 1.34628156931 0.538611468454
-1864.25451027 3.40071471524 -0.67486700829 8.68233754878 1.28361098203 0.712686597919
-1907.9626653 3.45617233304 -0.749686722819 9.46234503453 1.30188986809 0.624694742927
-1700.87001479 3.57077408842 -0.119538389416 11.3034978981 1.26125895711 0.440555445791
-1650.08621123 3.88803874414 0.391850420407 10.4188711208 1.23490984712 0.50644243716
-1779.1411744 3.02066397381 -0.70867050381 8.69321262243 1.29906586887 0.586240209399
-1686.55926088 3.59195856908 -0.150521733678 9.09573391246 1.3424926263 0.467293069515
-1643.92301247 3.55155203057 0.0980940644282 9.04423545155 1.39292332634 0.570664186294
-1921.24321822 3.55059774359 -0.568068161072 12.0785541159 1.33908489038 0.706075339811
-2059.72066736 3.36913307031 -1.15695164622 8.31077303832 1.26577502691 0.798628036994
-1520.38227362 3.50317873643 0.20748584193 7.72036721432 1.30151823463 0.525681856828
-1820.87240557 3.40968186939 -0.537986004519 8.78783795091 1.28867524512 0.688284761559
