MAF 0.32
-201.44139335 3.51158995934 -1.23136950991 12.127608578 1.24292141352 0.670634792657
-18.1800414971 3.99464740754 0.568884675233 5.15021082247 1.24244501947 0.270380511301
-105.439797747 3.39400380096 -0.597703629749 8.695164803 1.33975193581 0.424536574045
-436.790701541 3.16401655991 -0.51612451585 11.3505569044 1.30664788226 0.882524569645
-232.008135215 3.74593983329 -0.567669626368 10.385600149 1.33100693336 0.675124687226
-187.772165335 3.73733997824 0.461586544388 4.76685762837 1.23170638454 0.812831499272
-295.863228562 3.77612865537 -0.776938025458 12.8682357511 1.30684610151 0.683979984763
-156.774417265 3.41402883742 -0.436254215062 10.493341898 1.29059982345 0.40757130069
-478.525086729 4.39599945337 -1.32487288305 9.35407737735 1.3932798952 0.308405475541
-77.8969575635 3.52507956373 -0.160844535575 4.45870240026 1.20401514483 0.987649579062
-188.843367058 3.46849312312 -0.88013376189 11.4056844954 1.26398296533 0.554428623593
-18.1800414971 3.99464740754 0.568884675233 5.15021082247 1.24244501947 0.270380511301
-105.439797747 3.39400380096 -0.597703629749 8.695164803 1.33975193581 0.424536574045
-436.790701541 3.16401655991 -0.51612451585 11.3505569044 1.30664788226 0.882524569645
-232.008135215 3.74593983329 -0.567669626368 10.385600149 1.33100693336 0.675124687226
-187.772165335 3.73733997824 0.461586544388 4.76685762837 1.23170638454 0.812831499272
-250.364283563 3.67885183111 -0.94404269602 12.5958904934 1.28333955698 0.679072657681
-142.849457452 3.39427937665 -0.275297698631 10.1625145659 1.30025144356 0.354318918877
-478.525086729 4.39599945337 -1.32487288305 9.35407737735 1.3932798952 0.308405475541
-77.8969575635 3.52507956373 -0.160844535575 4.45870240026 1.20401514483 0.987649579062
-130.820162204 3.64878388841 -0.383616579225 9.26219888835 1.25660282446 0.457097378632
-18.1800414971 3.99464740754 0.568884675233 5.15021082247 1.24244501947 0.270380511301
-105.439797747 3.39400380096 -0.597703629749 8.695164803 1.33975193581 0.424536574045
-436.790701541 3.16401655991 -0.51612451585 11.3505569044 1.30664788226 0.882524569645
-232.008135215 3.74593983329 -0.567669626368 10.385600149 1.33100693336 0.675124687226
-187.772165335 3.73733997824 0.461586544388 4.76685762837 1.23170638454 0.812831499272
-250.364283563 3.67885183111 -0.94404269602 12.5958904934 1.28333955698 0.679072657681
-142.849457452 3.39427937665 -0.275297698631 10.1625145659 1.30025144356 0.354318918877
-363.628852732 4.20804983054 -1.12794435519 9.50576193294 1.37582525612 0.317020072131
-77.8969575635 3.52507956373 -0.160844535575 4.45870240026 1.20401514483 0.987649579062
-130.820162204 3.64878388841 -0.383616579225 9.26219888835 1.25660282446 0.457097378632
-18.1800414971 3.99464740754 0.568884675233 5.15021082247 1.24244501947 0.270380511301
-105.439797747 3.39400380096 -0.597703629749 8.695164803 1.33975193581 0.424536574045
-436.790701541 3.16401655991 -0.51612451585 11.3505569044 1.30664788226 0.882524569645
-208.682261009 3.77998962246 -0.412067472046 9.66883909605 1.31888219407 0.619712406761
-187.772165335 3.73733997824 0.461586544388 4.76685762837 1.23170638454 0.812831499272
-250.364283563 3.67885183111 -0.94404269602 12.5958904934 1.28333955698 0.679072657681
-142.849457452 3.39427937665 -0.275297698631 10.1625145659 1.30025144356 0.354318918877
-220.03425007 3.88086251451 -0.914826136433 9.1799608238 1.36132640418 0.360233888564
-77.8969575635 3.52507956373 -0.160844535575 4.45870240026 1.20401514483 0.987649579062
-130.820162204 3.64878388841 -0.383616579225 9.26219888835 1.25660282446 0.457097378632
-18.1800414971 3.99464740754 0.568884675233 5.15021082247 1.24244501947 0.270380511301
-105.439797747 3.39400380096 -0.597703629749 8.695164803 1.33975193581 0.424536574045
-436.790701541 3.16401655991 -0.51612451585 11.3505569044 1.30664788226 0.882524569645
-208.682261009 3.77998962246 -0.412067472046 9.66883909605 1.31888219407 0.619712406761
-186.70795384 3.70166548747 0.121099615794 6.57778910252 1.24173582258 0.669525334459
-250.364283563 3.67885183111 -0.94404269602 12.5958904934 1.28333955698 0.679072657681
-142.849457452 3.39427937665 -0.275297698631 10.1625145659 1.30025144356 0.354318918877
-162.705687281 3.67098084775 -0.798092324754 9.81547856696 1.34531735894 0.513152710209
-77.8969575635 3.52507956373 -0.160844535575 4.45870240026 1.20401514483 0.987649579062
-130.820162204 3.64878388841 -0.383616579225 9.26219888835 1.25660282446 0.457097378632
-18.1800414971 3.99464740754 0.568884675233 5.15021082247 1.24244501947 0.270380511301
-98.0638437156 3.37655704379 -0.57651079274 8.45664386285 1.34319820569 0.408969944763
-436.790701541 3.16401655991 -0.51612451585 11.3505569044 1.30664788226 0.882524569645
-202.702630642 3.76190151654 -0.341573775571 9.22179483949 1.30857004818 0.622971146906
-164.715406703 3.6651023917 0.0356756808103 6.82942202891 1.25338424256 0.64041040757
-250.140178229 3.67883279261 -0.943689668099 12.5891651727 1.28348947023 0.678671326916
-94.0347415367 3.53034435984 -0.0839756185105 9.02654631062 1.28715042932 0.335295457553
-162.705687281 3.67098084775 -0.798092324754 9.81547856696 1.34531735894 0.513152710209
-77.8969575635 3.52507956373 -0.160844535575 4.45870240026 1.20401514483 0.987649579062
-129.250676409 3.64654092301 -0.341734502472 9.20629090769 1.24763837 0.451433081686
-18.1800414971 3.99464740754 0.568884675233 5.15021082247 1.24244501947 0.270380511301
-98.0638437156 3.37655704379 -0.57651079274 8.45664386285 1.34319820569 0.408969944763
-361.596917151 3.23929132435 -0.442055401751 9.91373640799 1.28525090984 0.90444113334
-202.702630642 3.76190151654 -0.341573775571 9.22179483949 1.30857004818 0.622971146906
-164.715406703 3.6651023917 0.0356756808103 6.82942202891 1.25338424256 0.64041040757
-222.394784696 3.66888479021 -0.758271644335 11.4877383664 1.27458836638 0.605316965808
-92.0448879529 3.47697237186 0.187033909848 8.7271440465 1.26507589721 0.267798072691
-162.705687281 3.67098084775 -0.798092324754 9.81547856696 1.34531735894 0.513152710209
-77.8969575635 3.52507956373 -0.160844535575 4.45870240026 1.20401514483 0.987649579062
-129.250676409 3.64654092301 -0.341734502472 9.20629090769 1.24763837 0.451433081686
-18.1800414971 3.99464740754 0.568884675233 5.15021082247 1.24244501947 0.270380511301
-98.0638437156 3.37655704379 -0.57651079274 8.45664386285 1.34319820569 0.408969944763
-252.590769387 3.440621567 -0.399695935538 9.6192851576 1.28498759996 0.757274729722
-170.418181372 3.71657010796 -0.341636933852 9.21570250722 1.28462670051 0.555564575188
-163.911723556 3.66089660072 0.0665085621751 6.63442217989 1.25083120043 0.647343760399
-211.159461436 3.69029552887 -0.671044333365 11.0712045507 1.27247574583 0.583303276959
-92.0448879529 3.47697237186 0.187033909848 8.7271440465 1.26507589721 0.267798072691
-162.705687281 3.67098084775 -0.798092324754 9.81547856696 1.34531735894 0.513152710209
-77.8969575635 3.52507956373 -0.160844535575 4.45870240026 1.20401514483 0.987649579062
-102.124458063 3.56582336165 -0.0900315983722 8.97820871964 1.25593893436 0.364019643248
-18.1800414971 3.99464740754 0.568884675233 5.15021082247 1.24244501947 0.270380511301
-98.0638437156 3.37655704379 -0.57651079274 8.45664386285 1.34319820569 0.408969944763
-252.590769387 3.440621567 -0.399695935538 9.6192851576 1.28498759996 0.757274729722
-153.751432285 3.72813661037 -0.196626371885 8.39887995116 1.28997575086 0.543353541865
-163.911723556 3.66089660072 0.0665085621751 6.63442217989 1.25083120043 0.647343760399
-185.443323531 3.65896058468 -0.524778689941 10.5443083856 1.26831272629 0.528100249821
-92.0448879529 3.47697237186 0.187033909848 8.7271440465 1.26507589721 0.267798072691
-162.705687281 3.67098084775 -0.798092324754 9.81547856696 1.34531735894 0.513152710209
-77.8969575635 3.52507956373 -0.160844535575 4.45870240026 1.20401514483 0.987649579062
-102.124458063 3.56582336165 -0.0900315983722 8.97820871964 1.25593893436 0.364019643248
-18.1800414971 3.99464740754 0.568884675233 5.15021082247 1.24244501947 0.270380511301
-98.0638437156 3.37655704379 -0.57651079274 8.45664386285 1.34319820569 0.408969944763
-252.590769387 3.440621567 -0.399695935538 9.6192851576 1.28498759996 0.757274729722
-140.691083892 3.77201928354 0.0115411367048 7.03790071228 1.3037179602 0.553029657583
-129.105185721 3.61467286459 -0.0108683990069 5.89394146246 1.23489790481 0.763162855812
-176.761731612 3.63969517328 -0.301224775691 8.52137219091 1.25377708794 0.630353827128
-92.0448879529 3.47697237186 0.187033909848 8.7271440465 1.26507589721 0.267798072691
-126.694989446 3.74581257757 -0.48204715282 8.73686835886 1.32153326732 0.45702376192
-77.8969575635 3.52507956373 -0.160844535575 4.45870240026 1.20401514483 0.987649579062
