MAF 0.37
-158.405462047 4.19380387223 -1.20717994645 13.0046905931 1.2519219501 0.727587137333
-44.3085830938 3.54174810596 -1.60756534078 7.44047538539 1.28767998877 0.69433628595
-174.232770731 3.69854502727 -0.518992221468 12.0952073887 1.3246377223 0.31936732219
-194.000829466 3.08812914674 -1.14655936565 11.5501936874 1.243738975 0.901776740687
-131.328721763 3.23233285051 -0.752610174242 11.0219106056 1.34705963912 0.271117760712
-1185.01011695 3.21827290453 0.289757603687 13.6882546941 1.24177410067 0.841393025662
-380.633456794 3.53239353951 -0.177516046603 10.2505732 1.29034108327 0.765883149444
-18.4368800346 3.22124661599 -1.27786129306 4.84556479809 1.34117508329 0.741073563556
-36.6107487287 4.08130685183 -0.784262878508 6.16705223085 1.22025727939 0.417284861539
-50.174973418 3.60475781377 -1.36636298488 8.87944942596 1.36482699011 0.46515373504
-99.6484654102 4.14941016133 -1.04028789915 10.3064134332 1.23942639926 0.605135276166
-44.3085830938 3.54174810596 -1.60756534078 7.44047538539 1.28767998877 0.69433628595
-174.232770731 3.69854502727 -0.518992221468 12.0952073887 1.3246377223 0.31936732219
-135.004681361 3.11641655579 -1.17446097278 10.1254627265 1.26444410909 0.867627379737
-131.328721763 3.23233285051 -0.752610174242 11.0219106056 1.34705963912 0.271117760712
-1185.01011695 3.21827290453 0.289757603687 13.6882546941 1.24177410067 0.841393025662
-380.633456794 3.53239353951 -0.177516046603 10.2505732 1.29034108327 0.765883149444
-18.4368800346 3.22124661599 -1.27786129306 4.84556479809 1.34117508329 0.741073563556
-26.0904243212 3.65689062872 -1.02784020729 5.5149342957 1.27992691124 0.577065737657
-50.174973418 3.60475781377 -1.36636298488 8.87944942596 1.36482699011 0.46515373504
-99.6484654102 4.14941016133 -1.04028789915 10.3064134332 1.23942639926 0.605135276166
-44.3085830938 3.54174810596 -1.60756534078 7.44047538539 1.28767998877 0.69433628595
-94.8811268494 3.68259626148 -0.713821522344 9.57573194222 1.30751870777 0.418035693729
-135.004681361 3.11641655579 -1.17446097278 10.1254627265 1.26444410909 0.867627379737
-131.328721763 3.23233285051 -0.752610174242 11.0219106056 1.34705963912 0.271117760712
-784.450790258 3.27180283496 -0.024218752959 12.6543479519 1.24937078501 0.817057506245
-315.869408463 3.62422070447 -0.305917600837 10.2588835925 1.28276373296 0.741959934161
-18.4368800346 3.22124661599 -1.27786129306 4.84556479809 1.34117508329 0.741073563556
-25.7742089465 3.64578856393 -1.03421180936 5.49787591015 1.28148777551 0.581245355548
-50.174973418 3.60475781377 -1.36636298488 8.87944942596 1.36482699011 0.46515373504
-99.6484654102 4.14941016133 -1.04028789915 10.3064134332 1.23942639926 0.605135276166
-44.3085830938 3.54174810596 -1.60756534078 7.44047538539 1.28767998877 0.69433628595
-94.8811268494 3.68259626148 -0.713821522344 9.57573194222 1.30751870777 0.418035693729
-69.9650640083 3.35489731577 -1.26817604792 9.51697390028 1.31346594651 0.67107994679
-73.9116603534 3.22769197406 -0.972488758362 8.43639270276 1.3445962692 0.467848834339
-496.880360264 3.39108015026 -0.224450698379 11.7604459837 1.26625452187 0.701198177756
-315.869408463 3.62422070447 -0.305917600837 10.2588835925 1.28276373296 0.741959934161
-18.4368800346 3.22124661599 -1.27786129306 4.84556479809 1.34117508329 0.741073563556
-25.377714562 3.67116897201 -1.03795868571 5.31949427019 1.27765679635 0.588129051931
-50.174973418 3.60475781377 -1.36636298488 8.87944942596 1.36482699011 0.46515373504
-87.2600915865 4.25874834291 -1.19317503726 10.3163085792 1.23040408322 0.576650014122
-44.7159940561 3.52517496313 -1.67100764568 7.06198890884 1.26738838108 0.754617078886
-90.9735929348 3.6760376757 -0.753700416549 9.47100278867 1.3058467727 0.432058560467
-69.9650640083 3.35489731577 -1.26817604792 9.51697390028 1.31346594651 0.67107994679
-57.1537161137 3.18293760497 -1.04772157082 8.23069656101 1.35157502241 0.436911178649
-496.880360264 3.39108015026 -0.224450698379 11.7604459837 1.26625452187 0.701198177756
-315.869408463 3.62422070447 -0.305917600837 10.2588835925 1.28276373296 0.741959934161
-18.4368800346 3.22124661599 -1.27786129306 4.84556479809 1.34117508329 0.741073563556
-25.377714562 3.67116897201 -1.03795868571 5.31949427019 1.27765679635 0.588129051931
-50.174973418 3.60475781377 -1.36636298488 8.87944942596 1.36482699011 0.46515373504
-87.2600915865 4.25874834291 -1.19317503726 10.3163085792 1.23040408322 0.576650014122
-44.7159940561 3.52517496313 -1.67100764568 7.06198890884 1.26738838108 0.754617078886
-90.9735929348 3.6760376757 -0.753700416549 9.47100278867 1.3058467727 0.432058560467
-69.9650640083 3.35489731577 -1.26817604792 9.51697390028 1.31346594651 0.67107994679
-57.1537161137 3.18293760497 -1.04772157082 8.23069656101 1.35157502241 0.436911178649
-248.187695087 3.45894801193 -0.587142539102 10.84538976 1.29756290726 0.626226225502
-315.869408463 3.62422070447 -0.305917600837 10.2588835925 1.28276373296 0.741959934161
-18.4368800346 3.22124661599 -1.27786129306 4.84556479809 1.34117508329 0.741073563556
-25.377714562 3.67116897201 -1.03795868571 5.31949427019 1.27765679635 0.588129051931
-50.174973418 3.60475781377 -1.36636298488 8.87944942596 1.36482699011 0.46515373504
-87.2600915865 4.25874834291 -1.19317503726 10.3163085792 1.23040408322 0.576650014122
-44.7540747163 3.5292242436 -1.66837003873 7.07995255562 1.26718423 0.753634711506
-61.7345041554 3.6285323891 -1.04255206238 8.71242637945 1.29373657738 0.533629283954
-69.9650640083 3.35489731577 -1.26817604792 9.51697390028 1.31346594651 0.67107994679
-57.1537161137 3.18293760497 -1.04772157082 8.23069656101 1.35157502241 0.436911178649
-248.187695087 3.45894801193 -0.587142539102 10.84538976 1.29756290726 0.626226225502
-315.869408463 3.62422070447 -0.305917600837 10.2588835925 1.28276373296 0.741959934161
-18.4368800346 3.22124661599 -1.27786129306 4.84556479809 1.34117508329 0.741073563556
-25.377714562 3.67116897201 -1.03795868571 5.31949427019 1.27765679635 0.588129051931
-43.5019091021 3.50971563462 -1.29456847687 8.73327604515 1.36184113058 0.458790279596
-77.6722116976 4.0635143758 -1.15922665255 9.79252748862 1.2502209177 0.55971713818
-44.7540747163 3.5292242436 -1.66837003873 7.07995255562 1.26718423 0.753634711506
-56.1098961074 3.6287728352 -1.08363133842 8.62618639741 1.29434849078 0.522011483356
-57.5395944952 3.40636090078 -1.27694922813 9.25646273148 1.32954647507 0.60051215212
-51.7239113942 3.18683768493 -1.07115113202 7.88607047451 1.35051624817 0.467876677104
-248.187695087 3.45894801193 -0.587142539102 10.84538976 1.29756290726 0.626226225502
-278.982880017 3.60271468474 -0.401772939827 10.1599296669 1.28738188903 0.727996923363
-18.4368800346 3.22124661599 -1.27786129306 4.84556479809 1.34117508329 0.741073563556
-25.377714562 3.67116897201 -1.03795868571 5.31949427019 1.27765679635 0.588129051931
-43.5019091021 3.50971563462 -1.29456847687 8.73327604515 1.36184113058 0.458790279596
-76.6980515263 4.04788378638 -1.16304658266 9.76263084355 1.25337132161 0.556868546858
-44.7540747163 3.5292242436 -1.66837003873 7.07995255562 1.26718423 0.753634711506
-44.7673316394 3.63336399398 -1.20376726981 8.35595774499 1.2955759292 0.485719120104
-57.5395944952 3.40636090078 -1.27694922813 9.25646273148 1.32954647507 0.60051215212
-51.7239113942 3.18683768493 -1.07115113202 7.88607047451 1.35051624817 0.467876677104
-231.279624232 3.45581195237 -0.628279517615 10.7506332752 1.29947026386 0.624692753443
-278.982880017 3.60271468474 -0.401772939827 10.1599296669 1.28738188903 0.727996923363
-18.4368800346 3.22124661599 -1.27786129306 4.84556479809 1.34117508329 0.741073563556
-26.8290271355 3.66320014218 -1.02279937685 5.5204620519 1.27846395745 0.589482014169
-41.4924276121 3.36600772316 -1.1951289207 8.35619813305 1.35680060304 0.462834492617
-70.7938587902 3.97325605704 -1.17037769803 9.50938161108 1.26096959337 0.544059218426
-41.664489596 3.54136142532 -1.60988632245 6.9386747598 1.2682060862 0.738763744866
-44.7673316394 3.63336399398 -1.20376726981 8.35595774499 1.2955759292 0.485719120104
-51.1570742868 3.38402657263 -1.66358852447 8.53273286889 1.34271469623 0.607668621215
-51.7239113942 3.18683768493 -1.07115113202 7.88607047451 1.35051624817 0.467876677104
-171.560917433 3.43695643269 -0.747296630433 10.2478917077 1.3115074847 0.590708589776
-278.982880017 3.60271468474 -0.401772939827 10.1599296669 1.28738188903 0.727996923363
-18.4368800346 3.22124661599 -1.27786129306 4.84556479809 1.34117508329 0.741073563556
-26.8290271355 3.66320014218 -1.02279937685 5.5204620519 1.27846395745 0.589482014169
-41.4924276121 3.36600772316 -1.1951289207 8.35619813305 1.35680060304 0.462834492617
