MAF 0.38
-221.229371044 3.96452743652 -0.0621128225028 7.50750668198 1.23888325685 0.426217649732
-271.571444381 3.69141227426 -0.455991018291 11.0556879001 1.25838130384 0.306894504056
-412.117194586 4.0093428795 -0.53212769182 8.69246165812 1.36529412443 0.890892928406
-320.729986867 3.92124186762 -1.21602892279 10.3171452377 1.30341916603 0.297356436969
-679.634702559 3.20213610736 0.238341412145 5.19700072488 1.26558898602 0.466959425862
-248.932252697 3.63977590654 -1.37897461492 6.56885294704 1.24716661453 0.895873537885
-710.048125576 3.88427977135 0.410535818943 5.79001958873 1.34495203435 0.819349234281
-418.333771013 3.16648755539 -0.310203667989 5.37313647038 1.3171955533 0.676314082288
-2761.02343489 3.66413609873 0.406064419999 12.5992704081 1.24111919482 0.972325228481
-314.062242704 4.48599284707 -0.779692851101 12.4265639958 1.29715466712 0.372240200967
-221.229371044 3.96452743652 -0.0621128225028 7.50750668198 1.23888325685 0.426217649732
-241.688435945 3.69237311796 -0.486358198397 11.0013129191 1.2589893872 0.283453720831
-411.387569393 4.00005936522 -0.530787179893 8.76008405075 1.36218063643 0.873102049762
-148.221100849 3.61214716801 -0.590893947333 8.11634305035 1.28715854239 0.370257236547
-679.634702559 3.20213610736 0.238341412145 5.19700072488 1.26558898602 0.466959425862
-223.528100529 3.63640556401 -1.28283914388 6.75762637613 1.25204510347 0.831755265738
-710.048125576 3.88427977135 0.410535818943 5.79001958873 1.34495203435 0.819349234281
-418.333771013 3.16648755539 -0.310203667989 5.37313647038 1.3171955533 0.676314082288
-2761.02343489 3.66413609873 0.406064419999 12.5992704081 1.24111919482 0.972325228481
-314.062242704 4.48599284707 -0.779692851101 12.4265639958 1.29715466712 0.372240200967
-221.229371044 3.96452743652 -0.0621128225028 7.50750668198 1.23888325685 0.426217649732
-241.688435945 3.69237311796 -0.486358198397 11.0013129191 1.2589893872 0.283453720831
-411.387569393 4.00005936522 -0.530787179893 8.76008405075 1.36218063643 0.873102049762
-128.789619325 3.55649861845 -0.599516657449 8.02399418061 1.27639613082 0.298120849206
-312.389589844 3.32554330705 -0.19393543754 5.64048676432 1.26174019446 0.570624172177
-223.528100529 3.63640556401 -1.28283914388 6.75762637613 1.25204510347 0.831755265738
-710.048125576 3.88427977135 0.410535818943 5.79001958873 1.34495203435 0.819349234281
-418.333771013 3.16648755539 -0.310203667989 5.37313647038 1.3171955533 0.676314082288
-2626.88005906 3.67520590726 0.375191989113 12.4727562243 1.24510857904 0.969055488933
-240.220658677 3.98415902235 -0.526383359335 9.49193997775 1.28183975712 0.458030908448
-221.229371044 3.96452743652 -0.0621128225028 7.50750668198 1.23888325685 0.426217649732
-241.688435945 3.69237311796 -0.486358198397 11.0013129191 1.2589893872 0.283453720831
-411.387569393 4.00005936522 -0.530787179893 8.76008405075 1.36218063643 0.873102049762
-128.789619325 3.55649861845 -0.599516657449 8.02399418061 1.27639613082 0.298120849206
-312.389589844 3.32554330705 -0.19393543754 5.64048676432 1.26174019446 0.570624172177
-223.528100529 3.63640556401 -1.28283914388 6.75762637613 1.25204510347 0.831755265738
-528.191333688 3.92171210588 0.190064082802 6.59115880303 1.29547518099 0.635969033055
-418.333771013 3.16648755539 -0.310203667989 5.37313647038 1.3171955533 0.676314082288
-2626.88005906 3.67520590726 0.375191989113 12.4727562243 1.24510857904 0.969055488933
-240.220658677 3.98415902235 -0.526383359335 9.49193997775 1.28183975712 0.458030908448
-221.229371044 3.96452743652 -0.0621128225028 7.50750668198 1.23888325685 0.426217649732
-241.688435945 3.69237311796 -0.486358198397 11.0013129191 1.2589893872 0.283453720831
-411.387569393 4.00005936522 -0.530787179893 8.76008405075 1.36218063643 0.873102049762
-128.789619325 3.55649861845 -0.599516657449 8.02399418061 1.27639613082 0.298120849206
-253.828308979 3.41389832185 -0.129348768304 5.7889990874 1.23093490135 0.511913729613
-223.528100529 3.63640556401 -1.28283914388 6.75762637613 1.25204510347 0.831755265738
-396.191926191 3.93745626527 0.0973329668341 6.92812051381 1.27466505853 0.558838735069
-418.333771013 3.16648755539 -0.310203667989 5.37313647038 1.3171955533 0.676314082288
-2626.88005906 3.67520590726 0.375191989113 12.4727562243 1.24510857904 0.969055488933
-231.252328094 3.91012969641 -0.687416730786 8.9098626814 1.27549710812 0.537588887219
-209.71160841 3.8712716904 -0.207483725592 8.70468594845 1.24577277526 0.377298504228
-241.688435945 3.69237311796 -0.486358198397 11.0013129191 1.2589893872 0.283453720831
-411.387569393 4.00005936522 -0.530787179893 8.76008405075 1.36218063643 0.873102049762
-128.789619325 3.55649861845 -0.599516657449 8.02399418061 1.27639613082 0.298120849206
-253.828308979 3.41389832185 -0.129348768304 5.7889990874 1.23093490135 0.511913729613
-223.528100529 3.63640556401 -1.28283914388 6.75762637613 1.25204510347 0.831755265738
-396.191926191 3.93745626527 0.0973329668341 6.92812051381 1.27466505853 0.558838735069
-363.235040728 3.19315558532 -0.365401109898 5.45170681152 1.31349823991 0.685135429962
-1956.49580414 3.57975666492 0.246593333428 11.1406766484 1.25863403384 0.914129329177
-231.252328094 3.91012969641 -0.687416730786 8.9098626814 1.27549710812 0.537588887219
-209.71160841 3.8712716904 -0.207483725592 8.70468594845 1.24577277526 0.377298504228
-241.688435945 3.69237311796 -0.486358198397 11.0013129191 1.2589893872 0.283453720831
-411.387569393 4.00005936522 -0.530787179893 8.76008405075 1.36218063643 0.873102049762
-128.789619325 3.55649861845 -0.599516657449 8.02399418061 1.27639613082 0.298120849206
-244.027193229 3.45202344982 -0.178225831509 6.5026009453 1.23477575474 0.480635972366
-189.892243049 3.65023089952 -1.0860891427 7.80591929146 1.25376050902 0.696311561505
-396.191926191 3.93745626527 0.0973329668341 6.92812051381 1.27466505853 0.558838735069
-353.487472112 3.20680071863 -0.371529568382 5.51752090035 1.31277501922 0.682327389597
-1090.60636839 3.74868779097 -0.0658571109554 10.1838515129 1.30025223939 0.897639345873
-231.252328094 3.91012969641 -0.687416730786 8.9098626814 1.27549710812 0.537588887219
-209.71160841 3.8712716904 -0.207483725592 8.70468594845 1.24577277526 0.377298504228
-241.688435945 3.69237311796 -0.486358198397 11.0013129191 1.2589893872 0.283453720831
-393.140222522 3.93578043489 -0.489435389415 8.49530469019 1.34723736487 0.827069848341
-128.789619325 3.55649861845 -0.599516657449 8.02399418061 1.27639613082 0.298120849206
-244.027193229 3.45202344982 -0.178225831509 6.5026009453 1.23477575474 0.480635972366
-189.892243049 3.65023089952 -1.0860891427 7.80591929146 1.25376050902 0.696311561505
-376.027657805 3.93767685415 0.174569051157 6.72183268675 1.26511239484 0.523531580786
-353.487472112 3.20680071863 -0.371529568382 5.51752090035 1.31277501922 0.682327389597
-695.009310454 3.69241770448 -0.222104564653 9.551477913 1.29326753118 0.722109386436
-234.181335625 3.94652964687 -1.13699043263 9.10206047228 1.30334115763 0.687739720923
-209.71160841 3.8712716904 -0.207483725592 8.70468594845 1.24577277526 0.377298504228
-241.688435945 3.69237311796 -0.486358198397 11.0013129191 1.2589893872 0.283453720831
-389.735337611 3.93570061056 -0.530049177728 8.60351671771 1.35226363076 0.845633191609
-128.789619325 3.55649861845 -0.599516657449 8.02399418061 1.27639613082 0.298120849206
-203.102334002 3.4832296798 -0.321161888244 6.70779833875 1.23776475747 0.514592425795
-189.892243049 3.65023089952 -1.0860891427 7.80591929146 1.25376050902 0.696311561505
-376.764258527 3.93708361601 0.173609568419 6.72867709394 1.2651804971 0.524011905085
-314.588054554 3.31684888401 -0.397553864828 6.76034535211 1.30058526104 0.591928273984
-516.054868375 3.66299679269 -0.303798815369 9.22084028538 1.28961556443 0.63033324433
-234.181335625 3.94652964687 -1.13699043263 9.10206047228 1.30334115763 0.687739720923
-181.614231731 3.8923175184 -0.197751247815 8.65252942111 1.24134253518 0.351729769458
-241.688435945 3.69237311796 -0.486358198397 11.0013129191 1.2589893872 0.283453720831
-329.659508762 3.76031295502 -0.449079883385 7.86869470055 1.30788135649 0.717314530991
-128.789619325 3.55649861845 -0.599516657449 8.02399418061 1.27639613082 0.298120849206
-151.067442454 3.51587356298 -0.445178705402 7.29420977165 1.25497638987 0.41814674243
-189.892243049 3.65023089952 -1.0860891427 7.80591929146 1.25376050902 0.696311561505
-313.294602141 3.91529589324 0.0474446680711 7.38285538607 1.25875536884 0.475440907144
-286.830591692 3.18548466769 -0.433134199965 5.82657981272 1.30474829529 0.577353467361
-516.054868375 3.66299679269 -0.303798815369 9.22084028538 1.28961556443 0.63033324433
-234.181335625 3.94652964687 -1.13699043263 9.10206047228 1.30334115763 0.687739720923
