MAF 0.27
-583.548785 3.46350529319 0.356781497087 4.55198988474 1.29738851654 0.830129792957
-626.414271929 3.60228117299 0.352963630128 8.49780120884 1.20078437542 0.321978077291
-344.425607876 3.1394792292 -0.832882303339 10.8663283611 1.30252050595 0.323237224369
-248.933959929 4.47531296023 -0.502607054936 7.24456219773 1.35477762145 0.9966589341
-411.624888595 3.75238997047 0.073113827895 4.88506323404 1.22209845896 0.89115649673
-193.74901983 4.29222115261 -1.0038203194 8.87118523185 1.21304360858 0.916710169814
-609.206253858 3.72759461642 -0.153836849101 9.93738068124 1.27677895878 0.898868541273
-1037.32180464 3.28497930572 0.0187874517393 13.6049433566 1.22589863658 0.481862320858
-539.386643621 4.38465205412 -0.662240295114 14.4682779066 1.31224739817 0.922624668559
-93.5854715088 3.34243587203 -1.416554032 6.13530148726 1.3151197404 0.715500462144
-583.548785 3.46350529319 0.356781497087 4.55198988474 1.29738851654 0.830129792957
-626.414271929 3.60228117299 0.352963630128 8.49780120884 1.20078437542 0.321978077291
-344.425607876 3.1394792292 -0.832882303339 10.8663283611 1.30252050595 0.323237224369
-248.933959929 4.47531296023 -0.502607054936 7.24456219773 1.35477762145 0.9966589341
-411.624888595 3.75238997047 0.073113827895 4.88506323404 1.22209845896 0.89115649673
-157.529743643 4.39673377775 -1.10992733132 8.38000479695 1.21170975542 0.961830505484
-609.206253858 3.72759461642 -0.153836849101 9.93738068124 1.27677895878 0.898868541273
-724.603544238 3.29698669349 -0.281173072945 12.0439227077 1.24454424072 0.530688485391
-539.386643621 4.38465205412 -0.662240295114 14.4682779066 1.31224739817 0.922624668559
-93.5854715088 3.34243587203 -1.416554032 6.13530148726 1.3151197404 0.715500462144
-583.548785 3.46350529319 0.356781497087 4.55198988474 1.29738851654 0.830129792957
-626.414271929 3.60228117299 0.352963630128 8.49780120884 1.20078437542 0.321978077291
-344.425607876 3.1394792292 -0.832882303339 10.8663283611 1.30252050595 0.323237224369
-248.933959929 4.47531296023 -0.502607054936 7.24456219773 1.35477762145 0.9966589341
-411.624888595 3.75238997047 0.073113827895 4.88506323404 1.22209845896 0.89115649673
-157.529743643 4.39673377775 -1.10992733132 8.38000479695 1.21170975542 0.961830505484
-547.314601641 3.69640434392 -0.256092071414 9.62948714934 1.27988380697 0.88401933834
-399.780583171 3.31394759649 -0.704878999878 9.83892022715 1.27088188297 0.599657344956
-464.831822143 4.03364830034 -0.710342843002 13.4529186038 1.30950546901 0.753662385839
-93.5854715088 3.34243587203 -1.416554032 6.13530148726 1.3151197404 0.715500462144
-569.563782244 3.42018583884 0.197733838834 5.39616178249 1.2980746187 0.762362684307
-419.946756835 3.96225925466 0.000185302415363 7.9810518972 1.26428056663 0.600169918784
-344.425607876 3.1394792292 -0.832882303339 10.8663283611 1.30252050595 0.323237224369
-248.933959929 4.47531296023 -0.502607054936 7.24456219773 1.35477762145 0.9966589341
-411.624888595 3.75238997047 0.073113827895 4.88506323404 1.22209845896 0.89115649673
-157.529743643 4.39673377775 -1.10992733132 8.38000479695 1.21170975542 0.961830505484
-547.314601641 3.69640434392 -0.256092071414 9.62948714934 1.27988380697 0.88401933834
-399.780583171 3.31394759649 -0.704878999878 9.83892022715 1.27088188297 0.599657344956
-370.025975323 4.12292160475 -0.808590307798 12.205620635 1.2854600388 0.80484552884
-93.5854715088 3.34243587203 -1.416554032 6.13530148726 1.3151197404 0.715500462144
-569.563782244 3.42018583884 0.197733838834 5.39616178249 1.2980746187 0.762362684307
-278.353613896 4.15884365329 -0.502101512854 8.16156401405 1.24049412863 0.763808579206
-344.425607876 3.1394792292 -0.832882303339 10.8663283611 1.30252050595 0.323237224369
-248.933959929 4.47531296023 -0.502607054936 7.24456219773 1.35477762145 0.9966589341
-411.624888595 3.75238997047 0.073113827895 4.88506323404 1.22209845896 0.89115649673
-157.529743643 4.39673377775 -1.10992733132 8.38000479695 1.21170975542 0.961830505484
-547.314601641 3.69640434392 -0.256092071414 9.62948714934 1.27988380697 0.88401933834
-399.780583171 3.31394759649 -0.704878999878 9.83892022715 1.27088188297 0.599657344956
-370.025975323 4.12292160475 -0.808590307798 12.205620635 1.2854600388 0.80484552884
-68.3537653807 3.17456691575 -1.6045828498 5.7186634011 1.3304641845 0.705567395143
-569.563782244 3.42018583884 0.197733838834 5.39616178249 1.2980746187 0.762362684307
-278.353613896 4.15884365329 -0.502101512854 8.16156401405 1.24049412863 0.763808579206
-344.425607876 3.1394792292 -0.832882303339 10.8663283611 1.30252050595 0.323237224369
-222.386164849 4.45398933465 -0.667412411408 7.5526813724 1.31595403598 0.987207723896
-405.310804869 3.79907399331 -0.0379738423496 5.80739492518 1.23008151132 0.880282004992
-157.529743643 4.39673377775 -1.10992733132 8.38000479695 1.21170975542 0.961830505484
-547.314601641 3.69640434392 -0.256092071414 9.62948714934 1.27988380697 0.88401933834
-399.780583171 3.31394759649 -0.704878999878 9.83892022715 1.27088188297 0.599657344956
-368.736951686 4.14220597759 -0.854478727886 12.5866201105 1.28875770144 0.800353461952
-67.8419639275 3.17337521984 -1.60766233559 5.70973243448 1.33057969256 0.705159872726
-569.563782244 3.42018583884 0.197733838834 5.39616178249 1.2980746187 0.762362684307
-278.353613896 4.15884365329 -0.502101512854 8.16156401405 1.24049412863 0.763808579206
-344.425607876 3.1394792292 -0.832882303339 10.8663283611 1.30252050595 0.323237224369
-222.386164849 4.45398933465 -0.667412411408 7.5526813724 1.31595403598 0.987207723896
-369.267979108 3.89031964544 -0.155687025756 6.40446498874 1.23272238453 0.850741732772
-157.529743643 4.39673377775 -1.10992733132 8.38000479695 1.21170975542 0.961830505484
-547.314601641 3.69640434392 -0.256092071414 9.62948714934 1.27988380697 0.88401933834
-271.149649509 3.27354185866 -0.964372562221 8.65203782966 1.28804125738 0.629982701755
-368.736951686 4.14220597759 -0.854478727886 12.5866201105 1.28875770144 0.800353461952
-67.8419639275 3.17337521984 -1.60766233559 5.70973243448 1.33057969256 0.705159872726
-569.563782244 3.42018583884 0.197733838834 5.39616178249 1.2980746187 0.762362684307
-277.076918034 4.1590946195 -0.496786180681 8.09481553534 1.23976611072 0.763257328493
-321.992606359 3.38059916979 -0.75340186601 10.2109174932 1.28768026698 0.427293736633
-222.386164849 4.45398933465 -0.667412411408 7.5526813724 1.31595403598 0.987207723896
-369.267979108 3.89031964544 -0.155687025756 6.40446498874 1.23272238453 0.850741732772
-157.529743643 4.39673377775 -1.10992733132 8.38000479695 1.21170975542 0.961830505484
-495.7507283 3.54234119429 -0.415650542484 9.97163665498 1.28614583583 0.728889220393
-263.923762538 3.08920537517 -0.987692787539 7.81709248558 1.28788922304 0.593828858007
-368.736951686 4.14220597759 -0.854478727886 12.5866201105 1.28875770144 0.800353461952
-67.8419639275 3.17337521984 -1.60766233559 5.70973243448 1.33057969256 0.705159872726
-569.563782244 3.42018583884 0.197733838834 5.39616178249 1.2980746187 0.762362684307
-277.076918034 4.1590946195 -0.496786180681 8.09481553534 1.23976611072 0.763257328493
-279.516876534 3.19086572566 -0.975889485539 11.6277947389 1.30813726021 0.269673529956
-222.386164849 4.45398933465 -0.667412411408 7.5526813724 1.31595403598 0.987207723896
-369.267979108 3.89031964544 -0.155687025756 6.40446498874 1.23272238453 0.850741732772
-157.529743643 4.39673377775 -1.10992733132 8.38000479695 1.21170975542 0.961830505484
-495.7507283 3.54234119429 -0.415650542484 9.97163665498 1.28614583583 0.728889220393
-237.364066044 3.27148502848 -1.00473323593 7.89556685046 1.27726921133 0.645131156746
-368.736951686 4.14220597759 -0.854478727886 12.5866201105 1.28875770144 0.800353461952
-67.8419639275 3.17337521984 -1.60766233559 5.70973243448 1.33057969256 0.705159872726
-484.689980884 3.38399221925 -0.0949453723288 6.00451432621 1.2930106046 0.733828654786
-277.076918034 4.1590946195 -0.496786180681 8.09481553534 1.23976611072 0.763257328493
-279.516876534 3.19086572566 -0.975889485539 11.6277947389 1.30813726021 0.269673529956
-222.386164849 4.45398933465 -0.667412411408 7.5526813724 1.31595403598 0.987207723896
-369.267979108 3.89031964544 -0.155687025756 6.40446498874 1.23272238453 0.850741732772
-157.529743643 4.39673377775 -1.10992733132 8.38000479695 1.21170975542 0.961830505484
-395.727499445 3.87476848756 -0.596288497704 10.4575822212 1.29148619905 0.791048348668
-237.057813954 3.26205787568 -1.0067703145 7.86544792179 1.27707375984 0.643046422301
-319.867958569 4.24091964977 -0.795251695323 10.9928256788 1.29736832799 0.859513355968
-67.8419639275 3.17337521984 -1.60766233559 5.70973243448 1.33057969256 0.705159872726
