MAF 0.33
-127.085078865 3.18532264547 -1.19096927995 6.14448309001 1.34209369641 0.743163701853
-228.768341568 3.93749559041 -0.914215565911 4.98394337281 1.30830868375 0.474954098313
-69.0187729719 3.04954656421 -0.639929989829 11.8838889252 1.20585064707 0.687177698522
-125.197431021 3.42089724014 -0.896751176729 13.3779897406 1.25140206981 0.594398950304
-167.04918095 3.85622460611 -0.828019989008 9.30139877231 1.26579932423 0.685215196552
-183.738096103 3.87866300081 -0.964542103256 8.33608205142 1.38836849298 0.849115838177
-273.172497885 4.29015047581 -1.13856412433 7.86569066621 1.35404454207 0.638609186395
-180.642718624 4.17519884419 -0.249724621603 13.6353574648 1.21374100549 0.81923167587
-129.263564861 4.03140417505 0.0649694765239 11.9960562713 1.2996646687 0.771679639512
-97.5342840947 3.31682077576 -0.386994906119 14.592090894 1.39203350243 0.616658407376
-127.085078865 3.18532264547 -1.19096927995 6.14448309001 1.34209369641 0.743163701853
-217.770003942 3.92079555749 -0.896654734424 5.40301699879 1.30614053689 0.484324835037
-69.0187729719 3.04954656421 -0.639929989829 11.8838889252 1.20585064707 0.687177698522
-124.256621391 3.62104818775 -0.581456969445 12.9249313434 1.26722466632 0.652519335034
-165.496735527 3.84851845198 -0.826223174853 9.32606916883 1.26522663758 0.685233944234
-165.094468974 4.02558550026 -0.610376583651 10.9616762464 1.30184705719 0.834309345411
-273.172497885 4.29015047581 -1.13856412433 7.86569066621 1.35404454207 0.638609186395
-180.642718624 4.17519884419 -0.249724621603 13.6353574648 1.21374100549 0.81923167587
-129.404464397 3.95625772036 -0.301215303093 10.8989773881 1.28551432442 0.736159712563
-97.5342840947 3.31682077576 -0.386994906119 14.592090894 1.39203350243 0.616658407376
-125.323240461 3.20143447709 -1.1684313317 6.39520385347 1.33932526287 0.739811943384
-217.770003942 3.92079555749 -0.896654734424 5.40301699879 1.30614053689 0.484324835037
-69.0187729719 3.04954656421 -0.639929989829 11.8838889252 1.20585064707 0.687177698522
-124.748875295 3.62440388697 -0.576762867798 12.9771503269 1.26664806954 0.651821245982
-165.496735527 3.84851845198 -0.826223174853 9.32606916883 1.26522663758 0.685233944234
-166.222089212 4.01092467554 -0.64571738321 10.6996784148 1.31048069471 0.835786827729
-273.172497885 4.29015047581 -1.13856412433 7.86569066621 1.35404454207 0.638609186395
-170.76572737 4.12006468572 -0.382628825894 12.6500766061 1.24620905205 0.824787962495
-129.404464397 3.95625772036 -0.301215303093 10.8989773881 1.28551432442 0.736159712563
-97.5342840947 3.31682077576 -0.386994906119 14.592090894 1.39203350243 0.616658407376
-125.323240461 3.20143447709 -1.1684313317 6.39520385347 1.33932526287 0.739811943384
-217.770003942 3.92079555749 -0.896654734424 5.40301699879 1.30614053689 0.484324835037
-69.0187729719 3.04954656421 -0.639929989829 11.8838889252 1.20585064707 0.687177698522
-124.748875295 3.62440388697 -0.576762867798 12.9771503269 1.26664806954 0.651821245982
-165.68429743 3.81125805358 -0.867636105723 9.01092590264 1.25484412784 0.65069302397
-166.222089212 4.01092467554 -0.64571738321 10.6996784148 1.31048069471 0.835786827729
-273.172497885 4.29015047581 -1.13856412433 7.86569066621 1.35404454207 0.638609186395
-170.76572737 4.12006468572 -0.382628825894 12.6500766061 1.24620905205 0.824787962495
-129.404464397 3.95625772036 -0.301215303093 10.8989773881 1.28551432442 0.736159712563
-97.5342840947 3.31682077576 -0.386994906119 14.592090894 1.39203350243 0.616658407376
-125.323240461 3.20143447709 -1.1684313317 6.39520385347 1.33932526287 0.739811943384
-217.770003942 3.92079555749 -0.896654734424 5.40301699879 1.30614053689 0.484324835037
-69.0187729719 3.04954656421 -0.639929989829 11.8838889252 1.20585064707 0.687177698522
-104.458350966 3.40669886157 -0.537924738072 14.2599198315 1.24195966194 0.548203968904
-165.68429743 3.81125805358 -0.867636105723 9.01092590264 1.25484412784 0.65069302397
-166.222089212 4.01092467554 -0.64571738321 10.6996784148 1.31048069471 0.835786827729
-273.172497885 4.29015047581 -1.13856412433 7.86569066621 1.35404454207 0.638609186395
-170.76572737 4.12006468572 -0.382628825894 12.6500766061 1.24620905205 0.824787962495
-129.404464397 3.95625772036 -0.301215303093 10.8989773881 1.28551432442 0.736159712563
-97.5342840947 3.31682077576 -0.386994906119 14.592090894 1.39203350243 0.616658407376
-113.503266522 3.08284993221 -1.21323289934 6.55876291971 1.34479566672 0.781928236984
-115.570504691 3.66118784185 -0.677586608097 9.35277542413 1.34306008593 0.541206045076
-69.0187729719 3.04954656421 -0.639929989829 11.8838889252 1.20585064707 0.687177698522
-104.458350966 3.40669886157 -0.537924738072 14.2599198315 1.24195966194 0.548203968904
-120.04031702 3.62674200772 -0.688268534534 11.0937269811 1.30604099763 0.637991852035
-166.222089212 4.01092467554 -0.64571738321 10.6996784148 1.31048069471 0.835786827729
-190.888159233 3.9618234899 -0.885042161412 10.1346635669 1.36685911133 0.631204672679
-171.113155859 4.12256452885 -0.376602803721 12.6947503192 1.24473691526 0.824536034374
-129.404464397 3.95625772036 -0.301215303093 10.8989773881 1.28551432442 0.736159712563
-97.5342840947 3.31682077576 -0.386994906119 14.592090894 1.39203350243 0.616658407376
-103.195961693 3.07839756282 -1.13658730821 7.27068575099 1.3262199313 0.769260917649
-101.514371683 3.55625414268 -0.619999687679 11.3761432511 1.30137324564 0.544091506101
-69.0187729719 3.04954656421 -0.639929989829 11.8838889252 1.20585064707 0.687177698522
-104.458350966 3.40669886157 -0.537924738072 14.2599198315 1.24195966194 0.548203968904
-120.04031702 3.62674200772 -0.688268534534 11.0937269811 1.30604099763 0.637991852035
-166.222089212 4.01092467554 -0.64571738321 10.6996784148 1.31048069471 0.835786827729
-190.888159233 3.9618234899 -0.885042161412 10.1346635669 1.36685911133 0.631204672679
-171.113155859 4.12256452885 -0.376602803721 12.6947503192 1.24473691526 0.824536034374
-129.404464397 3.95625772036 -0.301215303093 10.8989773881 1.28551432442 0.736159712563
-97.5342840947 3.31682077576 -0.386994906119 14.592090894 1.39203350243 0.616658407376
-102.602500069 3.04540610211 -1.16798199271 7.13432845085 1.32774971644 0.770504916591
-101.514371683 3.55625414268 -0.619999687679 11.3761432511 1.30137324564 0.544091506101
-69.0187729719 3.04954656421 -0.639929989829 11.8838889252 1.20585064707 0.687177698522
-100.250727243 3.40507995525 -0.586687291013 13.6134738563 1.25725903694 0.54875281133
-104.923463052 3.39691117936 -0.832736343143 10.3515974805 1.33445755282 0.551522193787
-166.222089212 4.01092467554 -0.64571738321 10.6996784148 1.31048069471 0.835786827729
-194.314529805 3.97352377648 -0.894076690247 10.0538062681 1.36640245032 0.631468540519
-171.113155859 4.12256452885 -0.376602803721 12.6947503192 1.24473691526 0.824536034374
-108.188667526 3.63105215174 -0.610681025617 9.55486735553 1.3005938219 0.748422139704
-97.5342840947 3.31682077576 -0.386994906119 14.592090894 1.39203350243 0.616658407376
-102.602500069 3.04540610211 -1.16798199271 7.13432845085 1.32774971644 0.770504916591
-101.514371683 3.55625414268 -0.619999687679 11.3761432511 1.30137324564 0.544091506101
-69.0187729719 3.04954656421 -0.639929989829 11.8838889252 1.20585064707 0.687177698522
-100.250727243 3.40507995525 -0.586687291013 13.6134738563 1.25725903694 0.54875281133
-104.77680657 3.42641106949 -0.804759148877 10.251215856 1.33019099353 0.576330012394
-146.013133844 3.84819957203 -0.629862366996 11.4823008409 1.29618577808 0.758691759528
-194.314529805 3.97352377648 -0.894076690247 10.0538062681 1.36640245032 0.631468540519
-171.113155859 4.12256452885 -0.376602803721 12.6947503192 1.24473691526 0.824536034374
-108.643090873 3.64323805273 -0.599124124293 9.5134014202 1.29883137909 0.758669826051
-97.5342840947 3.31682077576 -0.386994906119 14.592090894 1.39203350243 0.616658407376
-102.602500069 3.04540610211 -1.16798199271 7.13432845085 1.32774971644 0.770504916591
-101.514371683 3.55625414268 -0.619999687679 11.3761432511 1.30137324564 0.544091506101
-69.0187729719 3.04954656421 -0.639929989829 11.8838889252 1.20585064707 0.687177698522
-100.250727243 3.40507995525 -0.586687291013 13.6134738563 1.25725903694 0.54875281133
-103.541949277 3.45934218405 -0.757900007042 10.5365226653 1.32288216654 0.568153604381
-146.013133844 3.84819957203 -0.629862366996 11.4823008409 1.29618577808 0.758691759528
-194.314529805 3.97352377648 -0.894076690247 10.0538062681 1.36640245032 0.631468540519
-149.970538563 3.89096375759 -0.37958988109 13.2401166826 1.2870754417 0.764784260247
-107.880043733 3.63929084888 -0.59853215898 9.47548382768 1.29888232878 0.75866940365
-97.5342840947 3.31682077576 -0.386994906119 14.592090894 1.39203350243 0.616658407376
